<?xml version="1.0" encoding="UTF-8"?>
<!-- Generated by org.testng.reporters.JUnitXMLReporter -->
<testsuite ignored="2" hostname="DESKTOP-IPEAES0" failures="0" tests="2" name="Test" time="0.033" errors="0" timestamp="2021-10-29T10:33:04 IST">
  <testcase classname="testNg.Group2" name="sample3" time="0.004"/>
  <testcase classname="testNg.Group1" name="sample1" time="0.001"/>
  <testcase classname="testNg.Group2" name="sample4" time="0.0">
    <ignored/>
  </testcase> <!-- sample4 -->
  <testcase classname="testNg.Group1" name="sample" time="0.0">
    <ignored/>
  </testcase> <!-- sample -->
</testsuite> <!-- Test -->
